<?xml version="1.0" encoding="UTF-8"?>
<!-- Generated by org.testng.reporters.JUnitXMLReporter -->
<testsuite ignored="0" hostname="DESKTOP-TFTIM70" failures="0" tests="0" name="Default test(failed)" time="0.742" errors="0" timestamp="2023-12-11T19:35:54 PST">
  <testcase classname="io.cucumber.testng.AbstractTestNGCucumberTests" name="@BeforeClass setUpClass" time="0.679">
    <failure type="java.lang.IllegalArgumentException" message="Feature not found: file:/C:/Users/16692/eclipse-workspace/DsalgoProject/./Features/registerPage.feature">
      <![CDATA[java.lang.IllegalArgumentException: Feature not found: file:/C:/Users/16692/eclipse-workspace/DsalgoProject/./Features/registerPage.feature
at io.cucumber.core.runtime.FeaturePathFeatureSupplier.loadFeatures(FeaturePathFeatureSupplier.java:64)
at io.cucumber.core.runtime.FeaturePathFeatureSupplier.get(FeaturePathFeatureSupplier.java:45)
at io.cucumber.testng.TestNGCucumberRunner.<init>(TestNGCucumberRunner.java:122)
at io.cucumber.testng.AbstractTestNGCucumberTests.setUpClass(AbstractTestNGCucumberTests.java:27)
at java.base/java.util.ArrayList.forEach(ArrayList.java:1541)
... Removed 25 stack frames]]>
    </failure>
  </testcase> <!-- @BeforeClass setUpClass -->
</testsuite> <!-- Default test(failed) -->
