{"uuid":"650e9b2d-d46f-4d97-9778-899d8685f36d","historyId":"dfecaac2b727c54083c5b0c944e55e3f","fullName":"Register: Check for Password with only numbers","labels":[{"name":"host","value":"DESKTOP-TFTIM70"},{"name":"thread","value":"104132@DESKTOP-TFTIM70.TestNG-PoolService-0(15)"},{"name":"feature","value":"Register"},{"name":"story","value":"Check for Password with only numbers"},{"name":"suite","value":"Register"},{"name":"testClass","value":"Check for Password with only numbers"},{"name":"framework","value":"cucumber4jvm"},{"name":"language","value":"java"},{"name":"gherkin_uri","value":"file:///C:/Users/16692/eclipse-workspace/DsalgoProject/./Features/registerPage.feature"},{"name":"package","value":"Features.registerPage_feature.Register"}],"links":[],"name":"Check for Password with only numbers","status":"failed","statusDetails":{"known":false,"muted":false,"flaky":false,"message":"expected [Numpy Ninja] but found [NumpyNinja]","trace":"java.lang.AssertionError: expected [Numpy Ninja] but found [NumpyNinja]\r\n\tat org.testng.Assert.fail(Assert.java:110)\r\n\tat org.testng.Assert.failNotEquals(Assert.java:1577)\r\n\tat org.testng.Assert.assertEqualsImpl(Assert.java:149)\r\n\tat org.testng.Assert.assertEquals(Assert.java:131)\r\n\tat org.testng.Assert.assertEquals(Assert.java:655)\r\n\tat org.testng.Assert.assertEquals(Assert.java:665)\r\n\tat Stepdefinations.Steps.page_title_should_be(Steps.java:83)\r\n\tat ✽.Page Title should be \"NumpyNinja\"(file:///C:/Users/16692/eclipse-workspace/DsalgoProject/./Features/registerPage.feature:44)\r\n"},"stage":"finished","steps":[{"name":"Given  User Launch Chrome browser","status":"passed","statusDetails":{"known":false,"muted":false,"flaky":false},"stage":"finished","steps":[],"attachments":[],"parameters":[],"start":1701823083279,"stop":1701823084226},{"name":"When  User opens URL \"https://dsportalapp.herokuapp.com/\"","status":"passed","statusDetails":{"known":false,"muted":false,"flaky":false},"stage":"finished","steps":[],"attachments":[],"parameters":[],"start":1701823084226,"stop":1701823095587},{"name":"And  Click on Get Started","status":"passed","statusDetails":{"known":false,"muted":false,"flaky":false},"stage":"finished","steps":[],"attachments":[],"parameters":[],"start":1701823095619,"stop":1701823110602},{"name":"Then  Page Title should be \"NumpyNinja\"","status":"failed","statusDetails":{"known":false,"muted":false,"flaky":false,"message":"expected [Numpy Ninja] but found [NumpyNinja]","trace":"java.lang.AssertionError: expected [Numpy Ninja] but found [NumpyNinja]\r\n\tat org.testng.Assert.fail(Assert.java:110)\r\n\tat org.testng.Assert.failNotEquals(Assert.java:1577)\r\n\tat org.testng.Assert.assertEqualsImpl(Assert.java:149)\r\n\tat org.testng.Assert.assertEquals(Assert.java:131)\r\n\tat org.testng.Assert.assertEquals(Assert.java:655)\r\n\tat org.testng.Assert.assertEquals(Assert.java:665)\r\n\tat Stepdefinations.Steps.page_title_should_be(Steps.java:83)\r\n\tat ✽.Page Title should be \"NumpyNinja\"(file:///C:/Users/16692/eclipse-workspace/DsalgoProject/./Features/registerPage.feature:44)\r\n"},"stage":"finished","steps":[],"attachments":[],"parameters":[],"start":1701823110603,"stop":1701823126593},{"name":"When  User click on Register link","status":"skipped","statusDetails":{"known":false,"muted":false,"flaky":false},"stage":"finished","steps":[],"attachments":[],"parameters":[],"start":1701823126593,"stop":1701823126593},{"name":"Then  Page Title should be \"Registration\"","status":"skipped","statusDetails":{"known":false,"muted":false,"flaky":false},"stage":"finished","steps":[],"attachments":[],"parameters":[],"start":1701823126593,"stop":1701823126593},{"name":"When  User enters Username as \"Numpy@sdet136\" , Password as \"12345678\" and Password confirmation as \"12345678\"","status":"skipped","statusDetails":{"known":false,"muted":false,"flaky":false},"stage":"finished","steps":[],"attachments":[],"parameters":[],"start":1701823126593,"stop":1701823126593},{"name":"When  The user clicks on Register button","status":"skipped","statusDetails":{"known":false,"muted":false,"flaky":false},"stage":"finished","steps":[],"attachments":[],"parameters":[],"start":1701823126593,"stop":1701823126593},{"name":"Then  It should display an error message \"Password can’t be entirely numeric.\"","status":"skipped","statusDetails":{"known":false,"muted":false,"flaky":false},"stage":"finished","steps":[],"attachments":[],"parameters":[],"start":1701823126593,"stop":1701823126593}],"attachments":[],"parameters":[{"name":"username","value":"Numpy@sdet136"},{"name":"password","value":"12345678"},{"name":"password confirmation","value":"12345678"}],"start":1701823067178,"stop":1701823133792}