{"uuid":"a14fe135-46ba-4adf-bdaa-ca5547cb8058","historyId":"4765e318f783f9380621ab3b205c74be","fullName":"Register: Check for Password similar to username","labels":[{"name":"host","value":"DESKTOP-TFTIM70"},{"name":"thread","value":"104132@DESKTOP-TFTIM70.TestNG-PoolService-3(18)"},{"name":"feature","value":"Register"},{"name":"story","value":"Check for Password similar to username"},{"name":"suite","value":"Register"},{"name":"testClass","value":"Check for Password similar to username"},{"name":"framework","value":"cucumber4jvm"},{"name":"language","value":"java"},{"name":"gherkin_uri","value":"file:///C:/Users/16692/eclipse-workspace/DsalgoProject/./Features/registerPage.feature"},{"name":"package","value":"Features.registerPage_feature.Register"}],"links":[],"name":"Check for Password similar to username","status":"failed","statusDetails":{"known":false,"muted":false,"flaky":false,"message":"expected [Numpy Ninja] but found [NumpyNinja]","trace":"java.lang.AssertionError: expected [Numpy Ninja] but found [NumpyNinja]\r\n\tat org.testng.Assert.fail(Assert.java:110)\r\n\tat org.testng.Assert.failNotEquals(Assert.java:1577)\r\n\tat org.testng.Assert.assertEqualsImpl(Assert.java:149)\r\n\tat org.testng.Assert.assertEquals(Assert.java:131)\r\n\tat org.testng.Assert.assertEquals(Assert.java:655)\r\n\tat org.testng.Assert.assertEquals(Assert.java:665)\r\n\tat Stepdefinations.Steps.page_title_should_be(Steps.java:83)\r\n\tat ✽.Page Title should be \"NumpyNinja\"(file:///C:/Users/16692/eclipse-workspace/DsalgoProject/./Features/registerPage.feature:60)\r\n"},"stage":"finished","steps":[{"name":"Given  User Launch Chrome browser","status":"passed","statusDetails":{"known":false,"muted":false,"flaky":false},"stage":"finished","steps":[],"attachments":[],"parameters":[],"start":1701823092839,"stop":1701823094241},{"name":"When  User opens URL \"https://dsportalapp.herokuapp.com/\"","status":"passed","statusDetails":{"known":false,"muted":false,"flaky":false},"stage":"finished","steps":[],"attachments":[],"parameters":[],"start":1701823094241,"stop":1701823100993},{"name":"And  Click on Get Started","status":"passed","statusDetails":{"known":false,"muted":false,"flaky":false},"stage":"finished","steps":[],"attachments":[],"parameters":[],"start":1701823100993,"stop":1701823104075},{"name":"Then  Page Title should be \"NumpyNinja\"","status":"failed","statusDetails":{"known":false,"muted":false,"flaky":false,"message":"expected [Numpy Ninja] but found [NumpyNinja]","trace":"java.lang.AssertionError: expected [Numpy Ninja] but found [NumpyNinja]\r\n\tat org.testng.Assert.fail(Assert.java:110)\r\n\tat org.testng.Assert.failNotEquals(Assert.java:1577)\r\n\tat org.testng.Assert.assertEqualsImpl(Assert.java:149)\r\n\tat org.testng.Assert.assertEquals(Assert.java:131)\r\n\tat org.testng.Assert.assertEquals(Assert.java:655)\r\n\tat org.testng.Assert.assertEquals(Assert.java:665)\r\n\tat Stepdefinations.Steps.page_title_should_be(Steps.java:83)\r\n\tat ✽.Page Title should be \"NumpyNinja\"(file:///C:/Users/16692/eclipse-workspace/DsalgoProject/./Features/registerPage.feature:60)\r\n"},"stage":"finished","steps":[],"attachments":[],"parameters":[],"start":1701823104091,"stop":1701823117921},{"name":"When  User click on Register link","status":"skipped","statusDetails":{"known":false,"muted":false,"flaky":false},"stage":"finished","steps":[],"attachments":[],"parameters":[],"start":1701823117921,"stop":1701823117921},{"name":"Then  Page Title should be \"Registration\"","status":"skipped","statusDetails":{"known":false,"muted":false,"flaky":false},"stage":"finished","steps":[],"attachments":[],"parameters":[],"start":1701823117921,"stop":1701823117921},{"name":"When  User enters Username as \"Numpy@sdet84_1\" , Password as \"testsdet84\" and Password confirmation as \"testsdet84\"","status":"skipped","statusDetails":{"known":false,"muted":false,"flaky":false},"stage":"finished","steps":[],"attachments":[],"parameters":[],"start":1701823117921,"stop":1701823117921},{"name":"When  The user clicks on Register button","status":"skipped","statusDetails":{"known":false,"muted":false,"flaky":false},"stage":"finished","steps":[],"attachments":[],"parameters":[],"start":1701823117921,"stop":1701823117921},{"name":"Then  It should display an error message \"password can’t be too similar to your other personal information.\"","status":"skipped","statusDetails":{"known":false,"muted":false,"flaky":false},"stage":"finished","steps":[],"attachments":[],"parameters":[],"start":1701823117921,"stop":1701823117921}],"attachments":[],"parameters":[{"name":"username","value":"Numpy@sdet84_1"},{"name":"password","value":"testsdet84"},{"name":"password confirmation","value":"testsdet84"}],"start":1701823068708,"stop":1701823134119}