{"uuid":"f0703467-0898-4d94-948d-e29a4d11d697","historyId":"f82825d19d6e2dfd886463edd80fc8a","fullName":"Testing the Array page of the Ds algo application: User is able to navigate to Array using dropdown option","labels":[{"name":"tag","value":"pageLaunch"},{"name":"host","value":"DESKTOP-TFTIM70"},{"name":"thread","value":"67144@DESKTOP-TFTIM70.TestNG-PoolService-0(15)"},{"name":"feature","value":"Testing the Array page of the Ds algo application"},{"name":"story","value":"User is able to navigate to Array using dropdown option"},{"name":"suite","value":"Testing the Array page of the Ds algo application"},{"name":"testClass","value":"User is able to navigate to Array using dropdown option"},{"name":"framework","value":"cucumber4jvm"},{"name":"language","value":"java"},{"name":"gherkin_uri","value":"file:///C:/Users/16692/eclipse-workspace/DsalgoProject/./Features/arrays.feature"},{"name":"package","value":"Features.arrays_feature.Testing the Array page of the Ds algo application"}],"links":[],"name":"User is able to navigate to Array using dropdown option","status":"failed","statusDetails":{"known":false,"muted":false,"flaky":false,"message":"expected [] but found [NumpyNinja]","trace":"java.lang.AssertionError: expected [] but found [NumpyNinja]\r\n\tat org.testng.Assert.fail(Assert.java:110)\r\n\tat org.testng.Assert.failNotEquals(Assert.java:1577)\r\n\tat org.testng.Assert.assertEqualsImpl(Assert.java:149)\r\n\tat org.testng.Assert.assertEquals(Assert.java:131)\r\n\tat org.testng.Assert.assertEquals(Assert.java:655)\r\n\tat org.testng.Assert.assertEquals(Assert.java:665)\r\n\tat Stepdefinations.Steps.page_title_should_be(Steps.java:83)\r\n\tat ✽.Page Title should be \"NumpyNinja\"(file:///C:/Users/16692/eclipse-workspace/DsalgoProject/./Features/arrays.feature:7)\r\n"},"stage":"finished","steps":[{"name":"Given  User Launch Chrome browser","status":"passed","statusDetails":{"known":false,"muted":false,"flaky":false},"stage":"finished","steps":[],"attachments":[],"parameters":[],"start":1701828099020,"stop":1701828101590},{"name":"When  User opens URL \"https://dsportalapp.herokuapp.com/\"","status":"passed","statusDetails":{"known":false,"muted":false,"flaky":false},"stage":"finished","steps":[],"attachments":[],"parameters":[],"start":1701828101590,"stop":1701828123163},{"name":"And  Click on Get Started","status":"passed","statusDetails":{"known":false,"muted":false,"flaky":false},"stage":"finished","steps":[],"attachments":[],"parameters":[],"start":1701828123163,"stop":1701828137486},{"name":"Then  Page Title should be \"NumpyNinja\"","status":"failed","statusDetails":{"known":false,"muted":false,"flaky":false,"message":"expected [] but found [NumpyNinja]","trace":"java.lang.AssertionError: expected [] but found [NumpyNinja]\r\n\tat org.testng.Assert.fail(Assert.java:110)\r\n\tat org.testng.Assert.failNotEquals(Assert.java:1577)\r\n\tat org.testng.Assert.assertEqualsImpl(Assert.java:149)\r\n\tat org.testng.Assert.assertEquals(Assert.java:131)\r\n\tat org.testng.Assert.assertEquals(Assert.java:655)\r\n\tat org.testng.Assert.assertEquals(Assert.java:665)\r\n\tat Stepdefinations.Steps.page_title_should_be(Steps.java:83)\r\n\tat ✽.Page Title should be \"NumpyNinja\"(file:///C:/Users/16692/eclipse-workspace/DsalgoProject/./Features/arrays.feature:7)\r\n"},"stage":"finished","steps":[],"attachments":[],"parameters":[],"start":1701828137491,"stop":1701828146511},{"name":"When  User click on Sign in link","status":"skipped","statusDetails":{"known":false,"muted":false,"flaky":false},"stage":"finished","steps":[],"attachments":[],"parameters":[],"start":1701828146511,"stop":1701828146511},{"name":"Then  Page Title should be \"Login\"","status":"skipped","statusDetails":{"known":false,"muted":false,"flaky":false},"stage":"finished","steps":[],"attachments":[],"parameters":[],"start":1701828146511,"stop":1701828146511},{"name":"When  The user enter invalid \"warriors\" and \"test@1234\"","status":"skipped","statusDetails":{"known":false,"muted":false,"flaky":false},"stage":"finished","steps":[],"attachments":[],"parameters":[],"start":1701828146511,"stop":1701828146511},{"name":"Then  The user click on login button","status":"skipped","statusDetails":{"known":false,"muted":false,"flaky":false},"stage":"finished","steps":[],"attachments":[],"parameters":[],"start":1701828146511,"stop":1701828146511},{"name":"When  User click on Data Structure DropDown","status":"skipped","statusDetails":{"known":false,"muted":false,"flaky":false},"stage":"finished","steps":[],"attachments":[],"parameters":[],"start":1701828146511,"stop":1701828146511},{"name":"And  User click on \"Array\"","status":"skipped","statusDetails":{"known":false,"muted":false,"flaky":false},"stage":"finished","steps":[],"attachments":[],"parameters":[],"start":1701828146511,"stop":1701828146511},{"name":"Then  Arrays page is displayed","status":"skipped","statusDetails":{"known":false,"muted":false,"flaky":false},"stage":"finished","steps":[],"attachments":[],"parameters":[],"start":1701828146511,"stop":1701828146511},{"name":"When  User click on topics covered with \"Arrays in Python\" links","status":"skipped","statusDetails":{"known":false,"muted":false,"flaky":false},"stage":"finished","steps":[],"attachments":[],"parameters":[],"start":1701828146511,"stop":1701828146511},{"name":"When  The user clicks Try Here button on Time Complexity page","status":"skipped","statusDetails":{"known":false,"muted":false,"flaky":false},"stage":"finished","steps":[],"attachments":[],"parameters":[],"start":1701828146511,"stop":1701828146511},{"name":"Then  Page Title should be \"Assessment\"","status":"skipped","statusDetails":{"known":false,"muted":false,"flaky":false},"stage":"finished","steps":[],"attachments":[],"parameters":[],"start":1701828146511,"stop":1701828146511},{"name":"When  The user enter python code in tryEditor from sheet \"<Sheetname>\" and \"<rowNumber>\"","status":"skipped","statusDetails":{"known":false,"muted":false,"flaky":false},"stage":"finished","steps":[],"attachments":[],"parameters":[],"start":1701828146511,"stop":1701828146526},{"name":"And  The user clicks on run button","status":"skipped","statusDetails":{"known":false,"muted":false,"flaky":false},"stage":"finished","steps":[],"attachments":[],"parameters":[],"start":1701828146527,"stop":1701828146527},{"name":"Then  The user should be presented with Run result","status":"skipped","statusDetails":{"known":false,"muted":false,"flaky":false},"stage":"finished","steps":[],"attachments":[],"parameters":[],"start":1701828146527,"stop":1701828146528}],"attachments":[],"parameters":[{"name":"topic","value":"Arrays in Python"}],"start":1701828084420,"stop":1701828161130}