{"uuid":"f33a71f7-d538-43b5-a049-e09ad36e3efc","historyId":"298caaebbe37b4adf82bdf2f186dda55","fullName":"Register: Check for error message for password with characters less than 8","labels":[{"name":"host","value":"DESKTOP-TFTIM70"},{"name":"thread","value":"104132@DESKTOP-TFTIM70.TestNG-PoolService-7(22)"},{"name":"feature","value":"Register"},{"name":"story","value":"Check for error message for password with characters less than 8"},{"name":"suite","value":"Register"},{"name":"testClass","value":"Check for error message for password with characters less than 8"},{"name":"framework","value":"cucumber4jvm"},{"name":"language","value":"java"},{"name":"gherkin_uri","value":"file:///C:/Users/16692/eclipse-workspace/DsalgoProject/./Features/registerPage.feature"},{"name":"package","value":"Features.registerPage_feature.Register"}],"links":[],"name":"Check for error message for password with characters less than 8","status":"failed","statusDetails":{"known":false,"muted":false,"flaky":false,"message":"expected [Numpy Ninja] but found [NumpyNinja]","trace":"java.lang.AssertionError: expected [Numpy Ninja] but found [NumpyNinja]\r\n\tat org.testng.Assert.fail(Assert.java:110)\r\n\tat org.testng.Assert.failNotEquals(Assert.java:1577)\r\n\tat org.testng.Assert.assertEqualsImpl(Assert.java:149)\r\n\tat org.testng.Assert.assertEquals(Assert.java:131)\r\n\tat org.testng.Assert.assertEquals(Assert.java:655)\r\n\tat org.testng.Assert.assertEquals(Assert.java:665)\r\n\tat Stepdefinations.Steps.page_title_should_be(Steps.java:83)\r\n\tat ✽.Page Title should be \"NumpyNinja\"(file:///C:/Users/16692/eclipse-workspace/DsalgoProject/./Features/registerPage.feature:92)\r\n"},"stage":"finished","steps":[{"name":"Given  User Launch Chrome browser","status":"passed","statusDetails":{"known":false,"muted":false,"flaky":false},"stage":"finished","steps":[],"attachments":[],"parameters":[],"start":1701823102339,"stop":1701823103301},{"name":"When  User opens URL \"https://dsportalapp.herokuapp.com/\"","status":"passed","statusDetails":{"known":false,"muted":false,"flaky":false},"stage":"finished","steps":[],"attachments":[],"parameters":[],"start":1701823103301,"stop":1701823104681},{"name":"And  Click on Get Started","status":"passed","statusDetails":{"known":false,"muted":false,"flaky":false},"stage":"finished","steps":[],"attachments":[],"parameters":[],"start":1701823104681,"stop":1701823112417},{"name":"Then  Page Title should be \"NumpyNinja\"","status":"failed","statusDetails":{"known":false,"muted":false,"flaky":false,"message":"expected [Numpy Ninja] but found [NumpyNinja]","trace":"java.lang.AssertionError: expected [Numpy Ninja] but found [NumpyNinja]\r\n\tat org.testng.Assert.fail(Assert.java:110)\r\n\tat org.testng.Assert.failNotEquals(Assert.java:1577)\r\n\tat org.testng.Assert.assertEqualsImpl(Assert.java:149)\r\n\tat org.testng.Assert.assertEquals(Assert.java:131)\r\n\tat org.testng.Assert.assertEquals(Assert.java:655)\r\n\tat org.testng.Assert.assertEquals(Assert.java:665)\r\n\tat Stepdefinations.Steps.page_title_should_be(Steps.java:83)\r\n\tat ✽.Page Title should be \"NumpyNinja\"(file:///C:/Users/16692/eclipse-workspace/DsalgoProject/./Features/registerPage.feature:92)\r\n"},"stage":"finished","steps":[],"attachments":[],"parameters":[],"start":1701823112417,"stop":1701823126400},{"name":"When  User click on Register link","status":"skipped","statusDetails":{"known":false,"muted":false,"flaky":false},"stage":"finished","steps":[],"attachments":[],"parameters":[],"start":1701823126413,"stop":1701823126416},{"name":"Then  Page Title should be \"Registration\"","status":"skipped","statusDetails":{"known":false,"muted":false,"flaky":false},"stage":"finished","steps":[],"attachments":[],"parameters":[],"start":1701823126417,"stop":1701823126418},{"name":"When  User enters Username as \"Numpy@sdet84_1\" , Password as \"a1b2c3d\" and Password confirmation as \"a1b2c3d\"","status":"skipped","statusDetails":{"known":false,"muted":false,"flaky":false},"stage":"finished","steps":[],"attachments":[],"parameters":[],"start":1701823126589,"stop":1701823126590},{"name":"When  The user clicks on Register button","status":"skipped","statusDetails":{"known":false,"muted":false,"flaky":false},"stage":"finished","steps":[],"attachments":[],"parameters":[],"start":1701823126590,"stop":1701823126590},{"name":"Then  It should display an error message \"Password should contain at least 8 characters\"","status":"skipped","statusDetails":{"known":false,"muted":false,"flaky":false},"stage":"finished","steps":[],"attachments":[],"parameters":[],"start":1701823126590,"stop":1701823126591}],"attachments":[],"parameters":[{"name":"username","value":"Numpy@sdet84_1"},{"name":"password","value":"a1b2c3d"},{"name":"password confirmation","value":"a1b2c3d"}],"start":1701823068662,"stop":1701823135350}